<?xml version="1.0" encoding="UTF-8"?>
<testng-results ignored="0" total="2" passed="2" failed="0" skipped="0">
  <reporter-output>
  </reporter-output>
  <suite started-at="2023-07-24T17:53:08 IST" name="Assignment for lambdaTest" finished-at="2023-07-24T17:53:42 IST" duration-ms="34172">
    <groups>
    </groups>
    <test started-at="2023-07-24T17:53:08 IST" name="Assignment - Test_1" finished-at="2023-07-24T17:53:42 IST" duration-ms="34172">
      <class name="Lambda.test.Automation.AutomationTask">
        <test-method is-config="true" signature="setup()[pri:0, instance:Lambda.test.Automation.AutomationTask@53fdffa1]" started-at="2023-07-24T17:53:08 IST" name="setup" finished-at="2023-07-24T17:53:12 IST" duration-ms="4123" status="PASS">
          <reporter-output>
          </reporter-output>
        </test-method> <!-- setup -->
        <test-method signature="test001()[pri:0, instance:Lambda.test.Automation.AutomationTask@53fdffa1]" started-at="2023-07-24T17:53:12 IST" name="test001" finished-at="2023-07-24T17:53:42 IST" duration-ms="29982" status="PASS">
          <reporter-output>
          </reporter-output>
        </test-method> <!-- test001 -->
        <test-method is-config="true" signature="quit()[pri:0, instance:Lambda.test.Automation.AutomationTask@53fdffa1]" started-at="2023-07-24T17:53:42 IST" name="quit" finished-at="2023-07-24T17:53:42 IST" duration-ms="1" status="PASS">
          <reporter-output>
          </reporter-output>
        </test-method> <!-- quit -->
      </class> <!-- Lambda.test.Automation.AutomationTask -->
      <class name="Lambda.test.Automation.MacBrowserAutomation">
        <test-method is-config="true" signature="setup()[pri:0, instance:Lambda.test.Automation.MacBrowserAutomation@2805d709]" started-at="2023-07-24T17:53:08 IST" name="setup" finished-at="2023-07-24T17:53:13 IST" duration-ms="4708" status="PASS">
          <reporter-output>
          </reporter-output>
        </test-method> <!-- setup -->
        <test-method signature="test002()[pri:0, instance:Lambda.test.Automation.MacBrowserAutomation@2805d709]" started-at="2023-07-24T17:53:13 IST" name="test002" finished-at="2023-07-24T17:53:36 IST" duration-ms="23116" status="PASS">
          <reporter-output>
          </reporter-output>
        </test-method> <!-- test002 -->
        <test-method is-config="true" signature="quit()[pri:0, instance:Lambda.test.Automation.MacBrowserAutomation@2805d709]" started-at="2023-07-24T17:53:36 IST" name="quit" finished-at="2023-07-24T17:53:36 IST" duration-ms="394" status="PASS">
          <reporter-output>
          </reporter-output>
        </test-method> <!-- quit -->
      </class> <!-- Lambda.test.Automation.MacBrowserAutomation -->
    </test> <!-- Assignment - Test_1 -->
  </suite> <!-- Assignment for lambdaTest -->
</testng-results>
